This is pdfTeX, Version 3.14159265-2.6-1.40.15 (TeX Live 2014) (preloaded format=latex 2014.7.16)  30 NOV 2015 01:09
entering extended mode
 restricted \write18 enabled.
 %&-line parsing enabled.
**frequenzaAbbandono.tex
(./frequenzaAbbandono.tex
LaTeX2e <2014/05/01>
Babel <3.9k> and hyphenation patterns for 78 languages loaded.
(/usr/local/texlive/2014/texmf-dist/tex/latex/base/article.cls
Document Class: article 2007/10/19 v1.4h Standard LaTeX document class
(/usr/local/texlive/2014/texmf-dist/tex/latex/base/size11.clo
File: size11.clo 2007/10/19 v1.4h Standard LaTeX file (size option)
)
\c@part=\count79
\c@section=\count80
\c@subsection=\count81
\c@subsubsection=\count82
\c@paragraph=\count83
\c@subparagraph=\count84
\c@figure=\count85
\c@table=\count86
\abovecaptionskip=\skip41
\belowcaptionskip=\skip42
\bibindent=\dimen102
)
(/usr/local/texlive/2014/texmf-dist/tex/latex/base/inputenc.sty
Package: inputenc 2014/04/30 v1.2b Input encoding file
\inpenc@prehook=\toks14
\inpenc@posthook=\toks15

(/usr/local/texlive/2014/texmf-dist/tex/latex/base/latin1.def
File: latin1.def 2014/04/30 v1.2b Input encoding file
))
(/usr/local/texlive/2014/texmf-dist/tex/generic/babel/babel.sty
Package: babel 2014/03/24 3.9k The Babel package

(/usr/local/texlive/2014/texmf-dist/tex/generic/babel-italian/italian.ldf
Language: italian 2014/03/29 v1.3k Italian support from the babel system

(/usr/local/texlive/2014/texmf-dist/tex/generic/babel/babel.def
File: babel.def 2014/03/24 3.9k Babel common definitions
\babel@savecnt=\count87
\U@D=\dimen103
)
\it@lettering=\count88
\it@doublequoteactive=\count89
\it@ISOcompliance=\count90
\Virgola=\count91
))
(/usr/local/texlive/2014/texmf-dist/tex/latex/etoolbox/etoolbox.sty
Package: etoolbox 2011/01/03 v2.1 e-TeX tools for LaTeX

(/usr/local/texlive/2014/texmf-dist/tex/latex/etex-pkg/etex.sty
Package: etex 1998/03/26 v2.0 eTeX basic definition package (PEB)
\et@xins=\count92
)
\etb@tempcnta=\count93
)
(./frequenzaAbbandono.aux)
\openout1 = `frequenzaAbbandono.aux'.

LaTeX Font Info:    Checking defaults for OML/cmm/m/it on input line 9.
LaTeX Font Info:    ... okay on input line 9.
LaTeX Font Info:    Checking defaults for T1/cmr/m/n on input line 9.
LaTeX Font Info:    ... okay on input line 9.
LaTeX Font Info:    Checking defaults for OT1/cmr/m/n on input line 9.
LaTeX Font Info:    ... okay on input line 9.
LaTeX Font Info:    Checking defaults for OMS/cmsy/m/n on input line 9.
LaTeX Font Info:    ... okay on input line 9.
LaTeX Font Info:    Checking defaults for OMX/cmex/m/n on input line 9.
LaTeX Font Info:    ... okay on input line 9.
LaTeX Font Info:    Checking defaults for U/cmr/m/n on input line 9.
LaTeX Font Info:    ... okay on input line 9.
LaTeX Info: Redefining \it@ocap on input line 9.
LaTeX Info: Redefining \it@ccap on input line 9.


File italian.ldf warning: 
italian.ldf    With OT1 encoding guillemets are poorly faked
italian.ldf    Use T1 encoding
italian.ldf    or specify a font with command \CaporaliFrom
italian.ldf    See the documentation concerning the babel-italian typesetting 
italian.ldf    on input line 9.

LaTeX Font Info:    External font `cmex10' loaded for size
(Font)              <12> on input line 11.
LaTeX Font Info:    External font `cmex10' loaded for size
(Font)              <8> on input line 11.
LaTeX Font Info:    External font `cmex10' loaded for size
(Font)              <6> on input line 11.
LaTeX Font Info:    Try loading font information for OMS+cmr on input line 16.
(/usr/local/texlive/2014/texmf-dist/tex/latex/base/omscmr.fd
File: omscmr.fd 1999/05/25 v2.5h Standard LaTeX font definitions
)
LaTeX Font Info:    Font shape `OMS/cmr/m/n' in size <10.95> not available
(Font)              Font shape `OMS/cmsy/m/n' tried instead on input line 16.
LaTeX Font Info:    External font `cmex10' loaded for size
(Font)              <10.95> on input line 17.

Overfull \hbox (62.37384pt too wide) in paragraph at lines 23--28
\OML/cmm/m/it/10.95 k \OT1/cmr/m/n/10.95 = \OML/cmm/m/it/10.95 N \OMS/cmsy/m/n/
10.95 ^^@ \OT1/cmr/m/n/10.95 ([]) + ([])$ 
 []

[1

] [2] (./frequenzaAbbandono.aux) ) 
Here is how much of TeX's memory you used:
 1121 strings out of 493118
 13766 string characters out of 6135459
 81067 words of memory out of 5000000
 4628 multiletter control sequences out of 15000+600000
 8850 words of font info for 31 fonts, out of 8000000 for 9000
 1141 hyphenation exceptions out of 8191
 29i,6n,23p,783b,189s stack positions out of 5000i,500n,10000p,200000b,80000s

Output written on frequenzaAbbandono.dvi (2 pages, 5768 bytes).
